<?xml version="1.0" encoding="UTF-8"?>
<!-- Generated by org.testng.reporters.JUnitReportReporter -->
<testsuite hostname="Farukh" failures="0" tests="2" name="class43.AnnotationsDemo" time="0.014" errors="0" timestamp="2024-11-28T23:22:12 EST" skipped="0">
  <testcase classname="class43.AnnotationsDemo" name="search" time="0.013"/>
  <system-out/>
  <testcase classname="class43.AnnotationsDemo" name="advanceSearch" time="0.001"/>
  <system-out/>
</testsuite> <!-- class43.AnnotationsDemo -->
