<?xml version="1.0" encoding="UTF-8"?>
<!-- Generated by org.testng.reporters.JUnitReportReporter -->
<testsuite hostname="Farukh" failures="0" tests="2" name="class43.AnnotationsDemo2" time="0.012" errors="0" timestamp="2024-11-28T23:33:42 EST" skipped="0">
  <testcase classname="class43.AnnotationsDemo2" name="search" time="0.010"/>
  <system-out/>
  <testcase classname="class43.AnnotationsDemo2" name="advanceSearch" time="0.002"/>
  <system-out/>
</testsuite> <!-- class43.AnnotationsDemo2 -->
