<?xml version="1.0" encoding="UTF-8"?>
<!-- Generated by org.testng.reporters.JUnitReportReporter -->
<testsuite hostname="Farukh" failures="0" tests="3" name="class42.FirstTestCasePriority" time="0.003" errors="0" timestamp="2024-11-28T17:15:02 EST" skipped="0">
  <testcase classname="class42.FirstTestCasePriority" name="openapp" time="0.000"/>
  <system-out/>
  <testcase classname="class42.FirstTestCasePriority" name="login" time="0.001"/>
  <system-out/>
  <testcase classname="class42.FirstTestCasePriority" name="logout" time="0.002"/>
  <system-out/>
</testsuite> <!-- class42.FirstTestCasePriority -->
