<?xml version="1.0" encoding="UTF-8"?>
<!-- Generated by org.testng.reporters.JUnitReportReporter -->
<testsuite hostname="Farukh" failures="0" tests="4" name="class42.OrangeHRMTest" time="6.371" errors="0" timestamp="2024-11-28T17:15:02 EST" skipped="0">
  <testcase classname="class42.OrangeHRMTest" name="openApp" time="2.090"/>
  <system-out/>
  <testcase classname="class42.OrangeHRMTest" name="testLogo" time="3.052"/>
  <system-out/>
  <testcase classname="class42.OrangeHRMTest" name="testLogin" time="1.026"/>
  <system-out/>
  <testcase classname="class42.OrangeHRMTest" name="closeApp" time="0.203"/>
  <system-out/>
</testsuite> <!-- class42.OrangeHRMTest -->
