<?xml version="1.0" encoding="UTF-8"?>
<!-- Generated by org.testng.reporters.JUnitReportReporter -->
<testsuite hostname="Farukh" failures="0" tests="9" name="class45.ParamTestDemo" time="0.168" errors="0" timestamp="2024-11-30T22:59:32 EST" skipped="0">
  <testcase classname="class45.ParamTestDemo" name="testLogo" time="0.038"/>
  <system-out/>
  <testcase classname="class45.ParamTestDemo" name="testLogo" time="0.040"/>
  <system-out/>
  <testcase classname="class45.ParamTestDemo" name="testLogo" time="0.029"/>
  <system-out/>
  <testcase classname="class45.ParamTestDemo" name="testTitle" time="0.011"/>
  <system-out/>
  <testcase classname="class45.ParamTestDemo" name="testTitle" time="0.020"/>
  <system-out/>
  <testcase classname="class45.ParamTestDemo" name="testTitle" time="0.005"/>
  <system-out/>
  <testcase classname="class45.ParamTestDemo" name="testURL" time="0.010"/>
  <system-out/>
  <testcase classname="class45.ParamTestDemo" name="testURL" time="0.005"/>
  <system-out/>
  <testcase classname="class45.ParamTestDemo" name="testURL" time="0.010"/>
  <system-out/>
</testsuite> <!-- class45.ParamTestDemo -->
