<?xml version="1.0" encoding="UTF-8"?>
<!-- Generated by org.testng.reporters.JUnitReportReporter -->
<testsuite hostname="Farukh" failures="0" tests="3" name="class44.SignUpTest" time="0.017" errors="0" timestamp="2024-11-29T19:36:42 EST" skipped="0">
  <testcase classname="class44.SignUpTest" name="signUpByEmail" time="0.014"/>
  <system-out/>
  <testcase classname="class44.SignUpTest" name="signUpByFacebook" time="0.001"/>
  <system-out/>
  <testcase classname="class44.SignUpTest" name="signUpByX" time="0.002"/>
  <system-out/>
</testsuite> <!-- class44.SignUpTest -->
