<?xml version="1.0" encoding="UTF-8"?>
<!-- Generated by org.testng.reporters.JUnitReportReporter -->
<testsuite hostname="Farukh" failures="0" tests="1" name="class47.LoginTest" time="1.066" errors="0" timestamp="2024-12-03T16:08:21 EST" skipped="0">
  <testcase classname="class47.LoginTest" name="testLogin" time="1.066"/>
  <system-out/>
</testsuite> <!-- class47.LoginTest -->
