<?xml version="1.0" encoding="UTF-8"?>
<!-- Generated by org.testng.reporters.JUnitReportReporter -->
<testsuite hostname="Farukh" failures="0" tests="3" name="class44.LoginTests" time="0.016" errors="0" timestamp="2024-11-29T19:36:07 EST" skipped="0">
  <testcase classname="class44.LoginTests" name="loginByEmail" time="0.014"/>
  <system-out/>
  <testcase classname="class44.LoginTests" name="loginByFacebook" time="0.001"/>
  <system-out/>
  <testcase classname="class44.LoginTests" name="loginByX" time="0.001"/>
  <system-out/>
</testsuite> <!-- class44.LoginTests -->
