<?xml version="1.0" encoding="UTF-8"?>
<!-- Generated by org.testng.reporters.JUnitReportReporter -->
<testsuite hostname="Farukh" failures="0" tests="2" name="class43.subpack.C2" time="0.017" errors="0" timestamp="2024-11-29T00:16:05 EST" skipped="0">
  <testcase classname="class43.subpack.C2" name="abd" time="0.003"/>
  <system-out/>
  <testcase classname="class43.subpack.C2" name="abd" time="0.014"/>
  <system-out/>
</testsuite> <!-- class43.subpack.C2 -->
