<?xml version="1.0" encoding="UTF-8"?>
<!-- Generated by org.testng.reporters.JUnitReportReporter -->
<testsuite hostname="Farukh" failures="0" tests="2" name="class44.PaymentTests" time="0.001" errors="0" timestamp="2024-11-29T19:36:42 EST" skipped="0">
  <testcase classname="class44.PaymentTests" name="paymentInRupees" time="0.000"/>
  <system-out/>
  <testcase classname="class44.PaymentTests" name="paymentInDollars" time="0.001"/>
  <system-out/>
</testsuite> <!-- class44.PaymentTests -->
