<?xml version="1.0" encoding="UTF-8"?>
<!-- Generated by org.testng.reporters.JUnitReportReporter -->
<testsuite hostname="Farukh" failures="0" tests="2" name="class43.AllAnnotationsInOneClass1" time="0.010" errors="0" timestamp="2024-11-29T00:49:33 EST" skipped="0">
  <testcase classname="class43.AllAnnotationsInOneClass1" name="tm1" time="0.009"/>
  <system-out/>
  <testcase classname="class43.AllAnnotationsInOneClass1" name="tm2" time="0.001"/>
  <system-out/>
</testsuite> <!-- class43.AllAnnotationsInOneClass1 -->
